'B' 不是内部或外部命令，也不是可运行的程序
或批处理文件。
[06-03-2026, 10:46:14] [INFO] [Server] PID 14952 written to .app.pid
[06-03-2026, 10:46:14] [INFO] ========================================
[06-03-2026, 10:46:14] [INFO]   HTML-to-Image Server is running
[06-03-2026, 10:46:14] [INFO]   URL:      http://localhost:3000
[06-03-2026, 10:46:14] [INFO]   API Docs: http://localhost:3000/api-docs
[06-03-2026, 10:46:14] [INFO]   Health:   http://localhost:3000/health
[06-03-2026, 10:46:14] [INFO] ========================================
[06-03-2026, 10:46:15] [INFO] [Request] mpxgswyvrlkd started
[06-03-2026, 10:46:15] [INFO] [HTTP] GET /health 200 (4ms)
[06-03-2026, 10:46:15] [INFO] [Request] mpxgswyvrlkd OK (5ms)
[06-03-2026, 10:46:15] [INFO] [Request] mpxgswz58ljj started
[06-03-2026, 10:46:15] [INFO] [HTTP] GET / 200 (2ms)
[06-03-2026, 10:46:15] [INFO] [Request] mpxgswz58ljj OK (3ms)
[06-03-2026, 10:46:15] [INFO] [Request] mpxgswzambbo started
[06-03-2026, 10:46:15] [INFO] [HTTP] GET /health 200 (2ms)
[06-03-2026, 10:46:15] [INFO] [Request] mpxgswzambbo OK (3ms)
[06-03-2026, 10:46:15] [INFO] [Request] mpxgswze8uuv started
[06-03-2026, 10:46:15] [INFO] [Browser] Launching headless Chromium (C:\Users\byyiwei\AppData\Local/Google/Chrome/Application/chrome.exe)...
[06-03-2026, 10:50:21] [INFO] [Request] mpxgy7a2bg21 started
[06-03-2026, 10:50:21] [INFO] [HTTP] GET /health 200 (4ms)
[06-03-2026, 10:50:21] [INFO] [Request] mpxgy7a2bg21 OK (5ms)
[06-03-2026, 12:30:48] [INFO] [Server] PID 31780 written to D:\Code\榫熶笂蹇僜html2image-server\.app.pid
node:events:496
      throw er; // Unhandled 'error' event
      ^

Error: listen EADDRINUSE: address already in use 0.0.0.0:3000
    at Server.setupListenHandle [as _listen2] (node:net:1939:16)
    at listenInCluster (node:net:1996:12)
    at node:net:2205:7
    at process.processTicksAndRejections (node:internal/process/task_queues:90:21)
Emitted 'error' event on Server instance at:
    at emitErrorNT (node:net:1975:8)
    at process.processTicksAndRejections (node:internal/process/task_queues:90:21) {
  code: 'EADDRINUSE',
  errno: -4091,
  syscall: 'listen',
  address: '0.0.0.0',
  port: 3000
}

Node.js v22.16.0
[06-03-2026, 12:31:41] [INFO] [Server] PID 33604 written to D:\Code\榫熶笂蹇僜html2image-server\.app.pid
[06-03-2026, 12:31:42] [INFO] ================================================
[06-03-2026, 12:31:42] [INFO]   HTML-to-Image Server is running
[06-03-2026, 12:31:42] [INFO]   Host:     0.0.0.0
[06-03-2026, 12:31:42] [INFO]   Port:     3000
[06-03-2026, 12:31:42] [INFO]   Docs:     http://localhost:3000/api-docs
[06-03-2026, 12:31:42] [INFO]   Health:   http://localhost:3000/health
[06-03-2026, 12:31:42] [INFO]   Config:   http://localhost:3000/config
[06-03-2026, 12:31:42] [INFO] ================================================
[06-03-2026, 12:31:44] [INFO] [Request] mpxkkkctmj12 started
[06-03-2026, 12:31:44] [INFO] [HTTP] GET /health 200 (3ms)
[06-03-2026, 12:31:44] [INFO] [Request] mpxkkkctmj12 OK (4ms)
[06-03-2026, 12:32:22] [INFO] [Server] PID 33192 written to D:\Code\榫熶笂蹇僜html2image-server\.app.pid
[06-03-2026, 12:32:22] [INFO] ================================================
[06-03-2026, 12:32:22] [INFO]   HTML-to-Image Server is running
[06-03-2026, 12:32:22] [INFO]   Host:     0.0.0.0
[06-03-2026, 12:32:22] [INFO]   Port:     3000
[06-03-2026, 12:32:22] [INFO]   Docs:     http://localhost:3000/api-docs
[06-03-2026, 12:32:22] [INFO]   Health:   http://localhost:3000/health
[06-03-2026, 12:32:22] [INFO]   Config:   http://localhost:3000/config
[06-03-2026, 12:32:22] [INFO] ================================================
[06-03-2026, 12:32:22] [INFO] [Request] mpxkle51ly20 started
[06-03-2026, 12:32:22] [INFO] [HTTP] GET /health 200 (3ms)
[06-03-2026, 12:32:22] [INFO] [Request] mpxkle51ly20 OK (4ms)
[06-03-2026, 12:32:25] [INFO] [Request] mpxklg70j25a started
[06-03-2026, 12:32:25] [INFO] [HTTP] GET /health 200 (2ms)
[06-03-2026, 12:32:25] [INFO] [Request] mpxklg70j25a OK (3ms)
[06-03-2026, 12:32:35] [INFO] [Server] PID 34524 written to D:\Code\榫熶笂蹇僜html2image-server\.app.pid
[06-03-2026, 12:32:35] [INFO] ================================================
[06-03-2026, 12:32:35] [INFO]   HTML-to-Image Server is running
[06-03-2026, 12:32:35] [INFO]   Host:     0.0.0.0
[06-03-2026, 12:32:35] [INFO]   Port:     3000
[06-03-2026, 12:32:35] [INFO]   Docs:     http://localhost:3000/api-docs
[06-03-2026, 12:32:35] [INFO]   Health:   http://localhost:3000/health
[06-03-2026, 12:32:35] [INFO]   Config:   http://localhost:3000/config
[06-03-2026, 12:32:35] [INFO] ================================================
[06-03-2026, 12:32:35] [INFO] [Request] mpxklob3h8jm started
[06-03-2026, 12:32:35] [INFO] [HTTP] GET /health 200 (5ms)
[06-03-2026, 12:32:35] [INFO] [Request] mpxklob3h8jm OK (6ms)
[06-03-2026, 12:32:40] [INFO] [Request] mpxklrxzd7sl started
[06-03-2026, 12:32:40] [INFO] [HTTP] GET /health 200 (1ms)
[06-03-2026, 12:32:40] [INFO] [Request] mpxklrxzd7sl OK (2ms)
[06-03-2026, 12:33:45] [INFO] [Server] PID 32792 written to D:\Code\榫熶笂蹇僜html2image-server\.app.pid
[06-03-2026, 12:33:45] [INFO] ================================================
[06-03-2026, 12:33:45] [INFO]   HTML-to-Image Server is running
[06-03-2026, 12:33:45] [INFO]   Host:     0.0.0.0
[06-03-2026, 12:33:45] [INFO]   Port:     3001
[06-03-2026, 12:33:45] [INFO]   Docs:     http://localhost:3001/api-docs
[06-03-2026, 12:33:45] [INFO]   Health:   http://localhost:3001/health
[06-03-2026, 12:33:45] [INFO]   Config:   http://localhost:3001/config
[06-03-2026, 12:33:45] [INFO] ================================================
[06-03-2026, 12:33:49] [INFO] [Request] mpxkn9201vco started
[06-03-2026, 12:33:49] [INFO] [HTTP] GET / 200 (4ms)
[06-03-2026, 12:33:49] [INFO] [Request] mpxkn9201vco OK (5ms)
[06-03-2026, 12:33:49] [INFO] [Request] mpxkn937elck started
[06-03-2026, 12:33:49] [INFO] [HTTP] GET /favicon.ico 404 (2ms)
[06-03-2026, 12:33:49] [INFO] [Request] mpxkn937elck FAIL (3ms)
